(0000) 3000  0011000000000000 (   4)                 .ORIG x3000
(3000) 004E  0000000001001110 (   8) SO1             .FILL x004E
(3001) 0055  0000000001010101 (   8)                 .FILL x0055
(3002) 004D  0000000001001101 (   8)                 .FILL x004D
(3003) 0042  0000000001000010 (   8)                 .FILL x0042
(3004) 0045  0000000001000101 (   8)                 .FILL x0045
(3005) 0052  0000000001010010 (   8)                 .FILL x0052
(3006) 0031  0000000000110001 (   8)                 .FILL x0031
(3007) 003A  0000000000111010 (   8)                 .FILL x003A
(3008) 0020  0000000000100000 (   8)                 .FILL x0020
(3009) 0000  0000000000000000 (   8)                 .FILL x0000
(300A) E1F5  1110000111110101 (   9)                 LEA   R0 SO1
(300B) F022  1111000000100010 (  10)                 TRAP  x22
(300C) F020  1111000000100000 (  11)                 TRAP  x20
(300D) F021  1111000000100001 (  12)                 TRAP  x21
(300E) 486A  0100100001101010 (  13)                 JSR   CHECK
(300F) B0F2  1011000011110010 (  15)                 STI   R0 MEM1
(3010) 000A  0000000000001010 (  18) SO2             .FILL x000A
(3011) 004E  0000000001001110 (  18)                 .FILL x004E
(3012) 0055  0000000001010101 (  18)                 .FILL x0055
(3013) 004D  0000000001001101 (  18)                 .FILL x004D
(3014) 0042  0000000001000010 (  18)                 .FILL x0042
(3015) 0045  0000000001000101 (  18)                 .FILL x0045
(3016) 0052  0000000001010010 (  18)                 .FILL x0052
(3017) 0032  0000000000110010 (  18)                 .FILL x0032
(3018) 003A  0000000000111010 (  18)                 .FILL x003A
(3019) 0020  0000000000100000 (  18)                 .FILL x0020
(301A) 0000  0000000000000000 (  18)                 .FILL x0000
(301B) E1F4  1110000111110100 (  19)                 LEA   R0 SO2
(301C) F022  1111000000100010 (  20)                 TRAP  x22
(301D) F020  1111000000100000 (  21)                 TRAP  x20
(301E) F021  1111000000100001 (  22)                 TRAP  x21
(301F) 4859  0100100001011001 (  23)                 JSR   CHECK
(3020) B0E2  1011000011100010 (  24)                 STI   R0 MEM2
(3021) A2E0  1010001011100000 (  26)                 LDI   R1 MEM1
(3022) A4E0  1010010011100000 (  27)                 LDI   R2 MEM2
(3023) 000A  0000000000001010 (  31) CONG            .FILL x000A
(3024) 0053  0000000001010011 (  31)                 .FILL x0053
(3025) 0055  0000000001010101 (  31)                 .FILL x0055
(3026) 004D  0000000001001101 (  31)                 .FILL x004D
(3027) 003A  0000000000111010 (  31)                 .FILL x003A
(3028) 0020  0000000000100000 (  31)                 .FILL x0020
(3029) 0000  0000000000000000 (  31)                 .FILL x0000
(302A) E1F8  1110000111111000 (  32)                 LEA   R0 CONG
(302B) F022  1111000000100010 (  33)                 TRAP  x22
(302C) 1642  0001011001000010 (  35)                 ADD   R3 R1 R2
(302D) 486A  0100100001101010 (  36)                 JSR   CHECK_POSITIVE
(302E) 4872  0100100001110010 (  37)                 JSR   OUTPUT
(302F) 000A  0000000000001010 (  40) TRU             .FILL x000A
(3030) 0044  0000000001000100 (  40)                 .FILL x0044
(3031) 0049  0000000001001001 (  40)                 .FILL x0049
(3032) 0046  0000000001000110 (  40)                 .FILL x0046
(3033) 0046  0000000001000110 (  40)                 .FILL x0046
(3034) 0045  0000000001000101 (  40)                 .FILL x0045
(3035) 0052  0000000001010010 (  40)                 .FILL x0052
(3036) 0045  0000000001000101 (  40)                 .FILL x0045
(3037) 004E  0000000001001110 (  40)                 .FILL x004E
(3038) 0043  0000000001000011 (  40)                 .FILL x0043
(3039) 0045  0000000001000101 (  40)                 .FILL x0045
(303A) 003A  0000000000111010 (  40)                 .FILL x003A
(303B) 0020  0000000000100000 (  40)                 .FILL x0020
(303C) 0000  0000000000000000 (  40)                 .FILL x0000
(303D) E1F1  1110000111110001 (  41)                 LEA   R0 TRU
(303E) F022  1111000000100010 (  42)                 TRAP  x22
(303F) 94BF  1001010010111111 (  44)                 NOT   R2 R2
(3040) 14A1  0001010010100001 (  45)                 ADD   R2 R2 #1
(3041) 1642  0001011001000010 (  46)                 ADD   R3 R1 R2
(3042) 4855  0100100001010101 (  48)                 JSR   CHECK_POSITIVE
(3043) 485D  0100100001011101 (  49)                 JSR   OUTPUT
(3044) 000A  0000000000001010 (  53) NHAN            .FILL x000A
(3045) 0050  0000000001010000 (  53)                 .FILL x0050
(3046) 0052  0000000001010010 (  53)                 .FILL x0052
(3047) 004F  0000000001001111 (  53)                 .FILL x004F
(3048) 0044  0000000001000100 (  53)                 .FILL x0044
(3049) 0055  0000000001010101 (  53)                 .FILL x0055
(304A) 0043  0000000001000011 (  53)                 .FILL x0043
(304B) 0054  0000000001010100 (  53)                 .FILL x0054
(304C) 003A  0000000000111010 (  53)                 .FILL x003A
(304D) 0020  0000000000100000 (  53)                 .FILL x0020
(304E) 0000  0000000000000000 (  53)                 .FILL x0000
(304F) E1F4  1110000111110100 (  54)                 LEA   R0 NHAN
(3050) F022  1111000000100010 (  55)                 TRAP  x22
(3051) 4891  0100100010010001 (  57)                 JSR   CHECK_POSITIVE_2
(3052) 4871  0100100001110001 (  58)                 JSR   MULTI_CAL
(3053) 4885  0100100010000101 (  59)                 JSR   TWO_NUM_MUL
(3054) 484C  0100100001001100 (  60)                 JSR   OUTPUT
(3055) 000A  0000000000001010 (  63) thuong          .FILL x000A
(3056) 0051  0000000001010001 (  63)                 .FILL x0051
(3057) 0055  0000000001010101 (  63)                 .FILL x0055
(3058) 004F  0000000001001111 (  63)                 .FILL x004F
(3059) 0054  0000000001010100 (  63)                 .FILL x0054
(305A) 0049  0000000001001001 (  63)                 .FILL x0049
(305B) 0045  0000000001000101 (  63)                 .FILL x0045
(305C) 004E  0000000001001110 (  63)                 .FILL x004E
(305D) 0054  0000000001010100 (  63)                 .FILL x0054
(305E) 003A  0000000000111010 (  63)                 .FILL x003A
(305F) 0020  0000000000100000 (  63)                 .FILL x0020
(3060) 0000  0000000000000000 (  63)                 .FILL x0000
(3061) E1F3  1110000111110011 (  64)                 LEA   R0 thuong
(3062) F022  1111000000100010 (  65)                 TRAP  x22
(3063) 48AA  0100100010101010 (  66)                 JSR   CHECK_DEVIDER
(3064) 48D7  0100100011010111 (  67)                 JSR   DIVISION
(3065) 000A  0000000000001010 (  69) sothuc          .FILL x000A
(3066) 0052  0000000001010010 (  69)                 .FILL x0052
(3067) 0045  0000000001000101 (  69)                 .FILL x0045
(3068) 0041  0000000001000001 (  69)                 .FILL x0041
(3069) 004C  0000000001001100 (  69)                 .FILL x004C
(306A) 0020  0000000000100000 (  69)                 .FILL x0020
(306B) 004E  0000000001001110 (  69)                 .FILL x004E
(306C) 0055  0000000001010101 (  69)                 .FILL x0055
(306D) 004D  0000000001001101 (  69)                 .FILL x004D
(306E) 0042  0000000001000010 (  69)                 .FILL x0042
(306F) 0045  0000000001000101 (  69)                 .FILL x0045
(3070) 0052  0000000001010010 (  69)                 .FILL x0052
(3071) 003A  0000000000111010 (  69)                 .FILL x003A
(3072) 0020  0000000000100000 (  69)                 .FILL x0020
(3073) 0000  0000000000000000 (  69)                 .FILL x0000
(3074) E1F0  1110000111110000 (  70)                 LEA   R0 sothuc
(3075) F022  1111000000100010 (  71)                 TRAP  x22
(3076) 4897  0100100010010111 (  72)                 JSR   CHECK_DEVIDER
(3077) 48ED  0100100011101101 (  73)                 JSR   REAL_NUMBER
(3078) F025  1111000000100101 (  76)                 TRAP  x25
(3079) 3E93  0011111010010011 (  82) CHECK           ST    R7 SAVER7
(307A) 5920  0101100100100000 (  84)                 AND   R4 R4 #0
(307B) 2483  0010010010000011 (  85)                 LD    R2 N_ASCII
(307C) 2684  0010011010000100 (  86)                 LD    R3 DTRU
(307D) 2A8A  0010101010001010 (  87)                 LD    R5 HANGCHUC
(307E) 1603  0001011000000011 (  89)                 ADD   R3 R0 R3
(307F) 040A  0000010000001010 (  91)                 BRZ   BACK
(3080) 1002  0001000000000010 (  92)                 ADD   R0 R0 R2
(3081) 1900  0001100100000000 (  94)                 ADD   R4 R4 R0
(3082) 1B7F  0001101101111111 (  95)                 ADD   R5 R5 #-1
(3083) 03FD  0000001111111101 (  96)                 BRP   x3081
(3084) F020  1111000000100000 (  97)                 TRAP  x20
(3085) F021  1111000000100001 (  98)                 TRAP  x21
(3086) 1002  0001000000000010 (  99)                 ADD   R0 R0 R2
(3087) 1100  0001000100000000 ( 100)                 ADD   R0 R4 R0
(3088) 2E84  0010111010000100 ( 101)                 LD    R7 SAVER7
(3089) C1C0  1100000111000000 ( 102)                 RET   
(308A) F020  1111000000100000 ( 107) BACK            TRAP  x20
(308B) F021  1111000000100001 ( 108)                 TRAP  x21
(308C) 1002  0001000000000010 ( 109)                 ADD   R0 R0 R2
(308D) 1900  0001100100000000 ( 111)                 ADD   R4 R4 R0
(308E) 1B7F  0001101101111111 ( 112)                 ADD   R5 R5 #-1
(308F) 03FD  0000001111111101 ( 113)                 BRP   x308D
(3090) F020  1111000000100000 ( 114)                 TRAP  x20
(3091) F021  1111000000100001 ( 115)                 TRAP  x21
(3092) 1002  0001000000000010 ( 116)                 ADD   R0 R0 R2
(3093) 1100  0001000100000000 ( 117)                 ADD   R0 R4 R0
(3094) 903F  1001000000111111 ( 119)                 NOT   R0 R0
(3095) 1021  0001000000100001 ( 120)                 ADD   R0 R0 #1
(3096) 2E76  0010111001110110 ( 121)                 LD    R7 SAVER7
(3097) C1C0  1100000111000000 ( 122)                 RET   
(3098) 3E73  0011111001110011 ( 126) CHECK_POSITIVE  ST    R7 SAVER7_1
(3099) 0802  0000100000000010 ( 128)                 BRN   AM
(309A) 2E71  0010111001110001 ( 129)                 LD    R7 SAVER7_1
(309B) C1C0  1100000111000000 ( 130)                 RET   
(309C) 485D  0100100001011101 ( 133) AM              JSR   MINUS_SIGN
(309D) 96FF  1001011011111111 ( 135)                 NOT   R3 R3
(309E) 16E1  0001011011100001 ( 136)                 ADD   R3 R3 #1
(309F) 2E6C  0010111001101100 ( 137)                 LD    R7 SAVER7_1
(30A0) C1C0  1100000111000000 ( 138)                 RET   
(30A1) 3E6B  0011111001101011 ( 142) OUTPUT          ST    R7 SAVER7
(30A2) 2A5D  0010101001011101 ( 143)                 LD    R5 ASCII
(30A3) 5920  0101100100100000 ( 145)                 AND   R4 R4 #0
(30A4) 2C64  0010110001100100 ( 147)                 LD    R6 AMHANGNGHIN
(30A5) 1921  0001100100100001 ( 148)                 ADD   R4 R4 #1
(30A6) 16C6  0001011011000110 ( 149)                 ADD   R3 R3 R6
(30A7) 07FD  0000011111111101 ( 150)                 BRZP  x30A5
(30A8) 193F  0001100100111111 ( 152)                 ADD   R4 R4 #-1
(30A9) 1105  0001000100000101 ( 153)                 ADD   R0 R4 R5
(30AA) F021  1111000000100001 ( 154)                 TRAP  x21
(30AB) 5920  0101100100100000 ( 156)                 AND   R4 R4 #0
(30AC) 2C59  0010110001011001 ( 158)                 LD    R6 HANGNGHIN
(30AD) 16C6  0001011011000110 ( 159)                 ADD   R3 R3 R6
(30AE) 2C5B  0010110001011011 ( 160)                 LD    R6 AMHANGTRAM
(30AF) 1921  0001100100100001 ( 161)                 ADD   R4 R4 #1
(30B0) 16C6  0001011011000110 ( 162)                 ADD   R3 R3 R6
(30B1) 07FD  0000011111111101 ( 163)                 BRZP  x30AF
(30B2) 193F  0001100100111111 ( 165)                 ADD   R4 R4 #-1
(30B3) 1105  0001000100000101 ( 166)                 ADD   R0 R4 R5
(30B4) F021  1111000000100001 ( 167)                 TRAP  x21
(30B5) 5920  0101100100100000 ( 169)                 AND   R4 R4 #0
(30B6) 2C50  0010110001010000 ( 170)                 LD    R6 HANGTRAM
(30B7) 16C6  0001011011000110 ( 171)                 ADD   R3 R3 R6
(30B8) 2C52  0010110001010010 ( 172)                 LD    R6 AMHANGCHUC
(30B9) 1921  0001100100100001 ( 173)                 ADD   R4 R4 #1
(30BA) 16C6  0001011011000110 ( 174)                 ADD   R3 R3 R6
(30BB) 07FD  0000011111111101 ( 175)                 BRZP  x30B9
(30BC) 193F  0001100100111111 ( 177)                 ADD   R4 R4 #-1
(30BD) 1105  0001000100000101 ( 178)                 ADD   R0 R4 R5
(30BE) F021  1111000000100001 ( 179)                 TRAP  x21
(30BF) 16EA  0001011011101010 ( 181)                 ADD   R3 R3 #10
(30C0) 10C5  0001000011000101 ( 182)                 ADD   R0 R3 R5
(30C1) F021  1111000000100001 ( 183)                 TRAP  x21
(30C2) 2E4A  0010111001001010 ( 185)                 LD    R7 SAVER7
(30C3) C1C0  1100000111000000 ( 186)                 RET   
(30C4) 3E48  0011111001001000 ( 191) MULTI_CAL       ST    R7 SAVER7
(30C5) 1660  0001011001100000 ( 192)                 ADD   R3 R1 #0
(30C6) 0808  0000100000001000 ( 194)                 BRN   MINUS
(30C7) 16A0  0001011010100000 ( 195)                 ADD   R3 R2 #0
(30C8) 0802  0000100000000010 ( 196)                 BRN   MINUS1
(30C9) 2E43  0010111001000011 ( 197)                 LD    R7 SAVER7
(30CA) C1C0  1100000111000000 ( 198)                 RET   
(30CB) 94BF  1001010010111111 ( 202) MINUS1          NOT   R2 R2
(30CC) 14A1  0001010010100001 ( 203)                 ADD   R2 R2 #1
(30CD) 2E3F  0010111000111111 ( 204)                 LD    R7 SAVER7
(30CE) C1C0  1100000111000000 ( 205)                 RET   
(30CF) 927F  1001001001111111 ( 209) MINUS           NOT   R1 R1
(30D0) 1261  0001001001100001 ( 210)                 ADD   R1 R1 #1
(30D1) 16A0  0001011010100000 ( 211)                 ADD   R3 R2 #0
(30D2) 0802  0000100000000010 ( 212)                 BRN   MINUS2
(30D3) 2E39  0010111000111001 ( 213)                 LD    R7 SAVER7
(30D4) C1C0  1100000111000000 ( 214)                 RET   
(30D5) 94BF  1001010010111111 ( 218) MINUS2          NOT   R2 R2
(30D6) 14A1  0001010010100001 ( 219)                 ADD   R2 R2 #1
(30D7) 2E35  0010111000110101 ( 220)                 LD    R7 SAVER7
(30D8) C1C0  1100000111000000 ( 221)                 RET   
(30D9) 3E33  0011111000110011 ( 226) TWO_NUM_MUL     ST    R7 SAVER7
(30DA) 56E0  0101011011100000 ( 227)                 AND   R3 R3 #0
(30DB) 14BF  0001010010111111 ( 228)                 ADD   R2 R2 #-1
(30DC) 0804  0000100000000100 ( 229)                 BRN   x30E1
(30DD) 14A1  0001010010100001 ( 230)                 ADD   R2 R2 #1
(30DE) 16C1  0001011011000001 ( 231)                 ADD   R3 R3 R1
(30DF) 14BF  0001010010111111 ( 232)                 ADD   R2 R2 #-1
(30E0) 0BFD  0000101111111101 ( 233)                 BRNP  x30DE
(30E1) 2E2B  0010111000101011 ( 234)                 LD    R7 SAVER7
(30E2) C1C0  1100000111000000 ( 235)                 RET   
(30E3) 3E28  0011111000101000 ( 240) CHECK_POSITIVE_2 ST    R7 SAVER7_1
(30E4) A21D  1010001000011101 ( 241)                 LDI   R1 MEM1
(30E5) 0C07  0000110000000111 ( 242)                 BRNZ  NEGAV
(30E6) A41C  1010010000011100 ( 243)                 LDI   R2 MEM2
(30E7) 0802  0000100000000010 ( 244)                 BRN   NEGAVE
(30E8) 2E23  0010111000100011 ( 245)                 LD    R7 SAVER7_1
(30E9) C1C0  1100000111000000 ( 246)                 RET   
(30EA) 480F  0100100000001111 ( 249) NEGAVE          JSR   MINUS_SIGN
(30EB) 2E20  0010111000100000 ( 250)                 LD    R7 SAVER7_1
(30EC) C1C0  1100000111000000 ( 251)                 RET   
(30ED) 0802  0000100000000010 ( 253) NEGAV           BRN   POS
(30EE) 2E1D  0010111000011101 ( 254)                 LD    R7 SAVER7_1
(30EF) C1C0  1100000111000000 ( 255)                 RET   
(30F0) A412  1010010000010010 ( 258) POS             LDI   R2 MEM2
(30F1) 0806  0000100000000110 ( 259)                 BRN   NEGAVE1
(30F2) 0403  0000010000000011 ( 260)                 BRZ   POS1
(30F3) 4806  0100100000000110 ( 261)                 JSR   MINUS_SIGN
(30F4) 2E17  0010111000010111 ( 262)                 LD    R7 SAVER7_1
(30F5) C1C0  1100000111000000 ( 263)                 RET   
(30F6) 2E15  0010111000010101 ( 265) POS1            LD    R7 SAVER7_1
(30F7) C1C0  1100000111000000 ( 266)                 RET   
(30F8) 2E13  0010111000010011 ( 269) NEGAVE1         LD    R7 SAVER7_1
(30F9) C1C0  1100000111000000 ( 270)                 RET   
(30FA) 3E12  0011111000010010 ( 274) MINUS_SIGN      ST    R7 SAVER7
(30FB) E0B3  1110000010110011 ( 275)                 LEA   R0 dtru
(30FC) F022  1111000000100010 ( 276)                 TRAP  x22
(30FD) 2E0F  0010111000001111 ( 277)                 LD    R7 SAVER7
(30FE) C1C0  1100000111000000 ( 278)                 RET   
(30FF) FFD0  1111111111010000 ( 281) N_ASCII         .FILL xFFD0
(3100) 0030  0000000000110000 ( 282) ASCII           .FILL x0030
(3101) FFD3  1111111111010011 ( 283) DTRU            .FILL xFFD3
(3102) 4000  0100000000000000 ( 285) MEM1            .FILL x4000
(3103) 4001  0100000000000001 ( 286) MEM2            .FILL x4001
(3104) 4002  0100000000000010 ( 287) MEM3            .FILL x4002
(3105) 4003  0100000000000011 ( 288) MEM4            .FILL x4003
(3106) 03E8  0000001111101000 ( 290) HANGNGHIN       .FILL x03E8
(3107) 0064  0000000001100100 ( 291) HANGTRAM        .FILL x0064
(3108) 000A  0000000000001010 ( 292) HANGCHUC        .FILL x000A
(3109) FC18  1111110000011000 ( 294) AMHANGNGHIN     .FILL xFC18
(310A) FF9C  1111111110011100 ( 295) AMHANGTRAM      .FILL xFF9C
(310B) FFF6  1111111111110110 ( 296) AMHANGCHUC      .FILL xFFF6
(310C) 0000  0000000000000000 ( 300) SAVER7_1        .FILL x0000
(310D) 0000  0000000000000000 ( 304) SAVER7          .FILL x0000
(310E) 3FFD  0011111111111101 ( 305) CHECK_DEVIDER   ST    R7 SAVER7_1
(310F) A3F2  1010001111110010 ( 307)                 LDI   R1 MEM1
(3110) 0C0D  0000110000001101 ( 308)                 BRNZ  NEGAV1
(3111) A5F1  1010010111110001 ( 309)                 LDI   R2 MEM2
(3112) 0808  0000100000001000 ( 310)                 BRN   NEGAVE9
(3113) 0203  0000001000000011 ( 311)                 BRP   POS9
(3114) E088  1110000010001000 ( 312)                 LEA   R0 khongcophepchia
(3115) F022  1111000000100010 ( 313)                 TRAP  x22
(3116) F025  1111000000100101 ( 314)                 TRAP  x25
(3117) 94BF  1001010010111111 ( 317) POS9            NOT   R2 R2
(3118) 14A1  0001010010100001 ( 318)                 ADD   R2 R2 #1
(3119) 2FF2  0010111111110010 ( 319)                 LD    R7 SAVER7_1
(311A) C1C0  1100000111000000 ( 320)                 RET   
(311B) 4FDE  0100111111011110 ( 323) NEGAVE9         JSR   MINUS_SIGN
(311C) 2FEF  0010111111101111 ( 324)                 LD    R7 SAVER7_1
(311D) C1C0  1100000111000000 ( 325)                 RET   
(311E) 080C  0000100000001100 ( 328) NEGAV1          BRN   POS2
(311F) A5E3  1010010111100011 ( 329)                 LDI   R2 MEM2
(3120) 0808  0000100000001000 ( 330)                 BRN   NEGAVE2
(3121) 0203  0000001000000011 ( 331)                 BRP   POS3
(3122) E07A  1110000001111010 ( 332)                 LEA   R0 khongcophepchia
(3123) F022  1111000000100010 ( 333)                 TRAP  x22
(3124) F025  1111000000100101 ( 334)                 TRAP  x25
(3125) 94BF  1001010010111111 ( 337) POS3            NOT   R2 R2
(3126) 14A1  0001010010100001 ( 338)                 ADD   R2 R2 #1
(3127) 2FE4  0010111111100100 ( 339)                 LD    R7 SAVER7_1
(3128) C1C0  1100000111000000 ( 340)                 RET   
(3129) 2FE2  0010111111100010 ( 343) NEGAVE2         LD    R7 SAVER7_1
(312A) C1C0  1100000111000000 ( 344)                 RET   
(312B) A5D7  1010010111010111 ( 347) POS2            LDI   R2 MEM2
(312C) 080B  0000100000001011 ( 348)                 BRN   NEGAVE3
(312D) 0407  0000010000000111 ( 349)                 BRZ   POS4
(312E) 927F  1001001001111111 ( 351)                 NOT   R1 R1
(312F) 1261  0001001001100001 ( 352)                 ADD   R1 R1 #1
(3130) 94BF  1001010010111111 ( 353)                 NOT   R2 R2
(3131) 14A1  0001010010100001 ( 354)                 ADD   R2 R2 #1
(3132) 4FC7  0100111111000111 ( 355)                 JSR   MINUS_SIGN
(3133) 2FD8  0010111111011000 ( 356)                 LD    R7 SAVER7_1
(3134) C1C0  1100000111000000 ( 357)                 RET   
(3135) E067  1110000001100111 ( 360) POS4            LEA   R0 khongcophepchia
(3136) F022  1111000000100010 ( 361)                 TRAP  x22
(3137) F025  1111000000100101 ( 362)                 TRAP  x25
(3138) 927F  1001001001111111 ( 365) NEGAVE3         NOT   R1 R1
(3139) 1261  0001001001100001 ( 366)                 ADD   R1 R1 #1
(313A) 2FD1  0010111111010001 ( 367)                 LD    R7 SAVER7_1
(313B) C1C0  1100000111000000 ( 368)                 RET   
(313C) 3FCF  0011111111001111 ( 372) DIVISION        ST    R7 SAVER7_1
(313D) 56E0  0101011011100000 ( 374)                 AND   R3 R3 #0
(313E) 16E1  0001011011100001 ( 375)                 ADD   R3 R3 #1
(313F) 1242  0001001001000010 ( 376)                 ADD   R1 R1 R2
(3140) 07FD  0000011111111101 ( 377)                 BRZP  x313E
(3141) 16FF  0001011011111111 ( 378)                 ADD   R3 R3 #-1
(3142) 37C1  0011011111000001 ( 379)                 ST    R3 MEM3
(3143) 4F5D  0100111101011101 ( 380)                 JSR   OUTPUT
(3144) 94BF  1001010010111111 ( 381)                 NOT   R2 R2
(3145) 14A1  0001010010100001 ( 382)                 ADD   R2 R2 #1
(3146) 1242  0001001001000010 ( 383)                 ADD   R1 R1 R2
(3147) 33BD  0011001110111101 ( 384)                 ST    R1 MEM4
(3148) E047  1110000001000111 ( 385)                 LEA   R0 phandu
(3149) F022  1111000000100010 ( 386)                 TRAP  x22
(314A) 23BA  0010001110111010 ( 387)                 LD    R1 MEM4
(314B) A9B6  1010100110110110 ( 388)                 LDI   R4 MEM1
(314C) 0A0D  0000101000001101 ( 389)                 BRNP  POSITIVE
(314D) ABB5  1010101110110101 ( 390)                 LDI   R5 MEM2
(314E) 0207  0000001000000111 ( 392)                 BRP   NNLG
(314F) E05F  1110000001011111 ( 394)                 LEA   R0 dtru
(3150) F022  1111000000100010 ( 395)                 TRAP  x22
(3151) 977F  1001011101111111 ( 396)                 NOT   R3 R5
(3152) 16E1  0001011011100001 ( 397)                 ADD   R3 R3 #1
(3153) 4F4D  0100111101001101 ( 398)                 JSR   OUTPUT
(3154) 2FB7  0010111110110111 ( 399)                 LD    R7 SAVER7_1
(3155) C1C0  1100000111000000 ( 400)                 RET   
(3156) 1760  0001011101100000 ( 403) NNLG            ADD   R3 R5 #0
(3157) 4F49  0100111101001001 ( 404)                 JSR   OUTPUT
(3158) 2FB3  0010111110110011 ( 405)                 LD    R7 SAVER7_1
(3159) C1C0  1100000111000000 ( 406)                 RET   
(315A) 0206  0000001000000110 ( 409) POSITIVE        BRP   NNGL1
(315B) E053  1110000001010011 ( 410)                 LEA   R0 dtru
(315C) F022  1111000000100010 ( 411)                 TRAP  x22
(315D) 1660  0001011001100000 ( 412)                 ADD   R3 R1 #0
(315E) 4F42  0100111101000010 ( 413)                 JSR   OUTPUT
(315F) 2FAC  0010111110101100 ( 414)                 LD    R7 SAVER7_1
(3160) C1C0  1100000111000000 ( 415)                 RET   
(3161) 1660  0001011001100000 ( 418) NNGL1           ADD   R3 R1 #0
(3162) 4F3E  0100111100111110 ( 419)                 JSR   OUTPUT
(3163) 2FA8  0010111110101000 ( 420)                 LD    R7 SAVER7_1
(3164) C1C0  1100000111000000 ( 421)                 RET   
(3165) 3FA6  0011111110100110 ( 426) REAL_NUMBER     ST    R7 SAVER7_1
(3166) 279D  0010011110011101 ( 428)                 LD    R3 MEM3
(3167) 4F39  0100111100111001 ( 429)                 JSR   OUTPUT
(3168) E048  1110000001001000 ( 430)                 LEA   R0 dcham
(3169) F022  1111000000100010 ( 431)                 TRAP  x22
(316A) 299A  0010100110011010 ( 432)                 LD    R4 MEM4
(316B) 5B60  0101101101100000 ( 433)                 AND   R5 R5 #0
(316C) 2D9B  0010110110011011 ( 434)                 LD    R6 HANGCHUC
(316D) 2392  0010001110010010 ( 435)                 LD    R1 ASCII
(316E) 1B44  0001101101000100 ( 436)                 ADD   R5 R5 R4
(316F) 1DBF  0001110110111111 ( 437)                 ADD   R6 R6 #-1
(3170) 03FD  0000001111111101 ( 438)                 BRP   x316E
(3171) A791  1010011110010001 ( 439)                 LDI   R3 MEM2
(3172) 0201  0000001000000001 ( 440)                 BRP   NNLG3
(3173) 0E03  0000111000000011 ( 441)                 BRNZP x3177
(3174) 96FF  1001011011111111 ( 443) NNLG3           NOT   R3 R3
(3175) 16E1  0001011011100001 ( 444)                 ADD   R3 R3 #1
(3176) 5DA0  0101110110100000 ( 445)                 AND   R6 R6 #0
(3177) 1DA1  0001110110100001 ( 446)                 ADD   R6 R6 #1
(3178) 1B43  0001101101000011 ( 447)                 ADD   R5 R5 R3
(3179) 07FD  0000011111111101 ( 448)                 BRZP  x3177
(317A) 1DBF  0001110110111111 ( 449)                 ADD   R6 R6 #-1
(317B) 1181  0001000110000001 ( 450)                 ADD   R0 R6 R1
(317C) F021  1111000000100001 ( 451)                 TRAP  x21
(317D) 96FF  1001011011111111 ( 453)                 NOT   R3 R3
(317E) 16E1  0001011011100001 ( 454)                 ADD   R3 R3 #1
(317F) 1B43  0001101101000011 ( 455)                 ADD   R5 R5 R3
(3180) 54A0  0101010010100000 ( 456)                 AND   R2 R2 #0
(3181) 2D86  0010110110000110 ( 457)                 LD    R6 HANGCHUC
(3182) 1485  0001010010000101 ( 458)                 ADD   R2 R2 R5
(3183) 1DBF  0001110110111111 ( 459)                 ADD   R6 R6 #-1
(3184) 03FD  0000001111111101 ( 460)                 BRP   x3182
(3185) 96FF  1001011011111111 ( 461)                 NOT   R3 R3
(3186) 16E1  0001011011100001 ( 462)                 ADD   R3 R3 #1
(3187) 5DA0  0101110110100000 ( 463)                 AND   R6 R6 #0
(3188) 1DA1  0001110110100001 ( 464)                 ADD   R6 R6 #1
(3189) 1483  0001010010000011 ( 465)                 ADD   R2 R2 R3
(318A) 07FD  0000011111111101 ( 466)                 BRZP  x3188
(318B) 1DBF  0001110110111111 ( 467)                 ADD   R6 R6 #-1
(318C) 1181  0001000110000001 ( 468)                 ADD   R0 R6 R1
(318D) F021  1111000000100001 ( 469)                 TRAP  x21
(318E) 2F7D  0010111101111101 ( 470)                 LD    R7 SAVER7_1
(318F) C1C0  1100000111000000 ( 471)                 RET   
(3190) 000A  0000000000001010 ( 474) phandu          .FILL x000A
(3191) 0052  0000000001010010 ( 474)                 .FILL x0052
(3192) 0045  0000000001000101 ( 474)                 .FILL x0045
(3193) 004D  0000000001001101 ( 474)                 .FILL x004D
(3194) 0041  0000000001000001 ( 474)                 .FILL x0041
(3195) 0049  0000000001001001 ( 474)                 .FILL x0049
(3196) 004E  0000000001001110 ( 474)                 .FILL x004E
(3197) 0044  0000000001000100 ( 474)                 .FILL x0044
(3198) 0045  0000000001000101 ( 474)                 .FILL x0045
(3199) 0052  0000000001010010 ( 474)                 .FILL x0052
(319A) 003A  0000000000111010 ( 474)                 .FILL x003A
(319B) 0020  0000000000100000 ( 474)                 .FILL x0020
(319C) 0000  0000000000000000 ( 474)                 .FILL x0000
(319D) 000A  0000000000001010 ( 475) khongcophepchia .FILL x000A
(319E) 0049  0000000001001001 ( 475)                 .FILL x0049
(319F) 004E  0000000001001110 ( 475)                 .FILL x004E
(31A0) 0056  0000000001010110 ( 475)                 .FILL x0056
(31A1) 0041  0000000001000001 ( 475)                 .FILL x0041
(31A2) 004C  0000000001001100 ( 475)                 .FILL x004C
(31A3) 0049  0000000001001001 ( 475)                 .FILL x0049
(31A4) 0044  0000000001000100 ( 475)                 .FILL x0044
(31A5) 0020  0000000000100000 ( 475)                 .FILL x0020
(31A6) 0044  0000000001000100 ( 475)                 .FILL x0044
(31A7) 0049  0000000001001001 ( 475)                 .FILL x0049
(31A8) 0056  0000000001010110 ( 475)                 .FILL x0056
(31A9) 0049  0000000001001001 ( 475)                 .FILL x0049
(31AA) 0053  0000000001010011 ( 475)                 .FILL x0053
(31AB) 0049  0000000001001001 ( 475)                 .FILL x0049
(31AC) 004F  0000000001001111 ( 475)                 .FILL x004F
(31AD) 004E  0000000001001110 ( 475)                 .FILL x004E
(31AE) 0000  0000000000000000 ( 475)                 .FILL x0000
(31AF) 002D  0000000000101101 ( 476) dtru            .FILL x002D
(31B0) 0000  0000000000000000 ( 476)                 .FILL x0000
(31B1) 002E  0000000000101110 ( 477) dcham           .FILL x002E
(31B2) 0000  0000000000000000 ( 477)                 .FILL x0000
